<?xml version="1.0" encoding="UTF-8"?>
<testng-results skipped="0" failed="0" total="1" passed="1">
  <reporter-output>
  </reporter-output>
  <suite name="Default suite" duration-ms="158381" started-at="2021-06-12T21:42:44Z" finished-at="2021-06-12T21:45:23Z">
    <groups>
    </groups>
    <test name="Default test" duration-ms="158381" started-at="2021-06-12T21:42:44Z" finished-at="2021-06-12T21:45:23Z">
      <class name="JiraAutomation">
        <test-method status="PASS" signature="testUrl()[pri:0, instance:JiraAutomation@2ac1fdc4]" name="testUrl" duration-ms="158362" started-at="2021-06-13T03:42:44Z" finished-at="2021-06-13T03:45:23Z">
          <reporter-output>
          </reporter-output>
        </test-method> <!-- testUrl -->
      </class> <!-- JiraAutomation -->
    </test> <!-- Default test -->
  </suite> <!-- Default suite -->
</testng-results>
